#
# There is insufficient memory for the Java Runtime Environment to continue.
# Native memory allocation (mmap) failed to map 532676608 bytes for G1 virtual space
# Possible reasons:
#   The system is out of physical RAM or swap space
#   The process is running with CompressedOops enabled, and the Java Heap may be blocking the growth of the native heap
# Possible solutions:
#   Reduce memory load on the system
#   Increase physical memory or swap space
#   Check if swap backing store is full
#   Decrease Java heap size (-Xmx/-Xms)
#   Decrease number of Java threads
#   Decrease Java thread stack sizes (-Xss)
#   Set larger code cache with -XX:ReservedCodeCacheSize=
#   JVM is running with Zero Based Compressed Oops mode in which the Java heap is
#     placed in the first 32GB address space. The Java Heap base address is the
#     maximum limit for the native heap growth. Please use -XX:HeapBaseMinAddress
#     to set the Java Heap base and to place the Java Heap above 32GB virtual address.
# This output file may be truncated or incomplete.
#
#  Out of Memory Error (os_windows.cpp:3548), pid=2632, tid=224
#
# JRE version:  (17.0.10+11) (build )
# Java VM: Java HotSpot(TM) 64-Bit Server VM (17.0.10+11-LTS-240, mixed mode, sharing, tiered, compressed oops, compressed class ptrs, g1 gc, windows-amd64)
# No core dump will be written. Minidumps are not enabled by default on client versions of Windows
#

---------------  S U M M A R Y ------------

Command Line: -javaagent:C:\Program Files\JetBrains\IntelliJ IDEA 2024.2.3\lib\idea_rt.jar=57010:C:\Program Files\JetBrains\IntelliJ IDEA 2024.2.3\bin -Dfile.encoding=UTF-8 chapter11_object.C083_hashcode

Host: Intel(R) Core(TM) 7 150U, 12 cores, 31G,  Windows 11 , 64 bit Build 22621 (10.0.22621.3958)
Time: Fri Nov  8 15:47:01 2024  Windows 11 , 64 bit Build 22621 (10.0.22621.3958) elapsed time: 0.022867 seconds (0d 0h 0m 0s)

---------------  T H R E A D  ---------------

Current thread (0x00000230fe3be870):  JavaThread "Unknown thread" [_thread_in_vm, id=224, stack(0x0000005cafe00000,0x0000005caff00000)]

Stack: [0x0000005cafe00000,0x0000005caff00000]
Native frames: (J=compiled Java code, j=interpreted, Vv=VM code, C=native code)
V  [jvm.dll+0x677a5a]
V  [jvm.dll+0x7d8b2d]
V  [jvm.dll+0x7da48e]
V  [jvm.dll+0x7daaf3]
V  [jvm.dll+0x2455ff]
V  [jvm.dll+0x6749b9]
V  [jvm.dll+0x669382]
V  [jvm.dll+0x302e96]
V  [jvm.dll+0x30a416]
V  [jvm.dll+0x359cbe]
V  [jvm.dll+0x359eef]
V  [jvm.dll+0x2d9e88]
V  [jvm.dll+0x2dadf4]
V  [jvm.dll+0x7aa551]
V  [jvm.dll+0x367911]
V  [jvm.dll+0x789639]
V  [jvm.dll+0x3eb30f]
V  [jvm.dll+0x3ecd91]
C  [jli.dll+0x5297]
C  [ucrtbase.dll+0x29333]
C  [KERNEL32.DLL+0x1257d]
C  [ntdll.dll+0x5af08]


---------------  P R O C E S S  ---------------

Threads class SMR info:
_java_thread_list=0x00007ffa60da6a18, length=0, elements={
}

Java Threads: ( => current thread )

Other Threads:
  0x00000230fe46e940 GCTaskThread "GC Thread#0" [stack: 0x0000005caff00000,0x0000005cb0000000] [id=18720]
  0x00000230fe47f520 ConcurrentGCThread "G1 Main Marker" [stack: 0x0000005cb0000000,0x0000005cb0100000] [id=8080]
  0x00000230fe47fe30 ConcurrentGCThread "G1 Conc#0" [stack: 0x0000005cb0100000,0x0000005cb0200000] [id=7612]

[error occurred during error reporting (printing all threads), id 0xc0000005, EXCEPTION_ACCESS_VIOLATION (0xc0000005) at pc=0x00007ffa605daae7]

VM state: not at safepoint (not fully initialized)

VM Mutex/Monitor currently owned by a thread:  ([mutex/lock_event])
[0x00000230fe3bb8f0] Heap_lock - owner thread: 0x00000230fe3be870

Heap address: 0x0000000604c00000, size: 8116 MB, Compressed Oops mode: Zero based, Oop shift amount: 3

CDS archive(s) mapped at: [0x0000000000000000-0x0000000000000000-0x0000000000000000), size 0, SharedBaseAddress: 0x0000000800000000, ArchiveRelocationMode: 1.
Narrow klass base: 0x0000000000000000, Narrow klass shift: 0, Narrow klass range: 0x0

GC Precious Log:
<Empty>

Heap:
 garbage-first heap   total 0K, used 0K [0x0000000604c00000, 0x0000000800000000)
  region size 4096K, 0 young (0K), 0 survivors (0K)

[error occurred during error reporting (printing heap information), id 0xc0000005, EXCEPTION_ACCESS_VIOLATION (0xc0000005) at pc=0x00007ffa609c1249]

GC Heap History (0 events):
No events

Deoptimization events (0 events):
No events

Classes unloaded (0 events):
No events

Classes redefined (0 events):
No events

Internal exceptions (0 events):
No events

VM Operations (0 events):
No events

Events (1 events):
Event: 0.017 Loaded shared library C:\Program Files\Java\jdk-17\bin\java.dll


Dynamic libraries:
0x00007ff682820000 - 0x00007ff682830000 	C:\Program Files\Java\jdk-17\bin\java.exe
0x00007ffae4570000 - 0x00007ffae4787000 	C:\Windows\SYSTEM32\ntdll.dll
0x00007ffae2e20000 - 0x00007ffae2ee4000 	C:\Windows\System32\KERNEL32.DLL
0x00007ffae1c80000 - 0x00007ffae2037000 	C:\Windows\System32\KERNELBASE.dll
0x00007ffae2180000 - 0x00007ffae2291000 	C:\Windows\System32\ucrtbase.dll
0x00007ffac8a20000 - 0x00007ffac8a3b000 	C:\Program Files\Java\jdk-17\bin\VCRUNTIME140.dll
0x00007ffad6ce0000 - 0x00007ffad6cf9000 	C:\Program Files\Java\jdk-17\bin\jli.dll
0x00007ffae3d90000 - 0x00007ffae3e42000 	C:\Windows\System32\ADVAPI32.dll
0x00007ffae25e0000 - 0x00007ffae2687000 	C:\Windows\System32\msvcrt.dll
0x00007ffae3e50000 - 0x00007ffae3ef8000 	C:\Windows\System32\sechost.dll
0x00007ffae2040000 - 0x00007ffae2068000 	C:\Windows\System32\bcrypt.dll
0x00007ffae2900000 - 0x00007ffae2a14000 	C:\Windows\System32\RPCRT4.dll
0x00007ffae2300000 - 0x00007ffae24af000 	C:\Windows\System32\USER32.dll
0x00007ffae1880000 - 0x00007ffae18a6000 	C:\Windows\System32\win32u.dll
0x00007ffae24b0000 - 0x00007ffae24d9000 	C:\Windows\System32\GDI32.dll
0x00007ffae1aa0000 - 0x00007ffae1bb8000 	C:\Windows\System32\gdi32full.dll
0x00007ffae20e0000 - 0x00007ffae217a000 	C:\Windows\System32\msvcp_win.dll
0x00007ffad0840000 - 0x00007ffad0ad3000 	C:\Windows\WinSxS\amd64_microsoft.windows.common-controls_6595b64144ccf1df_6.0.22621.3672_none_2713b9d173822955\COMCTL32.dll
0x00007ffad9780000 - 0x00007ffad978a000 	C:\Windows\SYSTEM32\VERSION.dll
0x00007ffae22a0000 - 0x00007ffae22d1000 	C:\Windows\System32\IMM32.DLL
0x00007ffada160000 - 0x00007ffada16c000 	C:\Program Files\Java\jdk-17\bin\vcruntime140_1.dll
0x00007ffac8660000 - 0x00007ffac86ee000 	C:\Program Files\Java\jdk-17\bin\msvcp140.dll
0x00007ffa602f0000 - 0x00007ffa60ecf000 	C:\Program Files\Java\jdk-17\bin\server\jvm.dll
0x00007ffae3f00000 - 0x00007ffae3f08000 	C:\Windows\System32\PSAPI.DLL
0x00007ffadac40000 - 0x00007ffadac74000 	C:\Windows\SYSTEM32\WINMM.dll
0x00007ffabed90000 - 0x00007ffabed99000 	C:\Windows\SYSTEM32\WSOCK32.dll
0x00007ffae44b0000 - 0x00007ffae4521000 	C:\Windows\System32\WS2_32.dll
0x00007ffae09c0000 - 0x00007ffae09d8000 	C:\Windows\SYSTEM32\kernel.appcore.dll
0x00007ffac8a10000 - 0x00007ffac8a1a000 	C:\Program Files\Java\jdk-17\bin\jimage.dll
0x00007ffadf0b0000 - 0x00007ffadf2e2000 	C:\Windows\SYSTEM32\DBGHELP.DLL
0x00007ffae4120000 - 0x00007ffae44ae000 	C:\Windows\System32\combase.dll
0x00007ffae2a20000 - 0x00007ffae2af7000 	C:\Windows\System32\OLEAUT32.dll
0x00007ffad7aa0000 - 0x00007ffad7ad2000 	C:\Windows\SYSTEM32\dbgcore.DLL
0x00007ffae1a20000 - 0x00007ffae1a9b000 	C:\Windows\System32\bcryptPrimitives.dll
0x00007ffac8550000 - 0x00007ffac855e000 	C:\Program Files\Java\jdk-17\bin\instrument.dll
0x00007ffac89e0000 - 0x00007ffac8a05000 	C:\Program Files\Java\jdk-17\bin\java.dll

dbghelp: loaded successfully - version: 4.0.5 - missing functions: none
symbol engine: initialized successfully - sym options: 0x614 - pdb path: .;C:\Program Files\Java\jdk-17\bin;C:\Windows\SYSTEM32;C:\Windows\WinSxS\amd64_microsoft.windows.common-controls_6595b64144ccf1df_6.0.22621.3672_none_2713b9d173822955;C:\Program Files\Java\jdk-17\bin\server

VM Arguments:
jvm_args: -javaagent:C:\Program Files\JetBrains\IntelliJ IDEA 2024.2.3\lib\idea_rt.jar=57010:C:\Program Files\JetBrains\IntelliJ IDEA 2024.2.3\bin -Dfile.encoding=UTF-8 
java_command: chapter11_object.C083_hashcode
java_class_path (initial): C:\java_intellij\java_intellij\out\production\java_intellij
Launcher Type: SUN_STANDARD

[Global flags]
     intx CICompilerCount                          = 4                                         {product} {ergonomic}
     uint ConcGCThreads                            = 3                                         {product} {ergonomic}
     uint G1ConcRefinementThreads                  = 10                                        {product} {ergonomic}
   size_t G1HeapRegionSize                         = 4194304                                   {product} {ergonomic}
    uintx GCDrainStackTargetSize                   = 64                                        {product} {ergonomic}
   size_t InitialHeapSize                          = 532676608                                 {product} {ergonomic}
   size_t MarkStackSize                            = 4194304                                   {product} {ergonomic}
   size_t MaxHeapSize                              = 8510242816                                {product} {ergonomic}
   size_t MinHeapDeltaBytes                        = 4194304                                   {product} {ergonomic}
   size_t MinHeapSize                              = 8388608                                   {product} {ergonomic}
    uintx NonNMethodCodeHeapSize                   = 5839372                                {pd product} {ergonomic}
    uintx NonProfiledCodeHeapSize                  = 122909434                              {pd product} {ergonomic}
    uintx ProfiledCodeHeapSize                     = 122909434                              {pd product} {ergonomic}
    uintx ReservedCodeCacheSize                    = 251658240                              {pd product} {ergonomic}
     bool SegmentedCodeCache                       = true                                      {product} {ergonomic}
   size_t SoftMaxHeapSize                          = 8510242816                             {manageable} {ergonomic}
     bool UseCompressedClassPointers               = true                           {product lp64_product} {ergonomic}
     bool UseCompressedOops                        = true                           {product lp64_product} {ergonomic}
     bool UseG1GC                                  = true                                      {product} {ergonomic}
     bool UseLargePagesIndividualAllocation        = false                                  {pd product} {ergonomic}

Logging:
Log output configuration:
 #0: stdout all=warning uptime,level,tags
 #1: stderr all=off uptime,level,tags

Environment Variables:
JAVA_HOME=C:\Program Files\Java\jdk-17
PATH=C:\Program Files\Java\jdk-17\bin;C:\Program Files\Common Files\Oracle\Java\javapath;C:\pr\ORDB\app\oracle\product\11.2.0\server\bin;C:\Windows\system32;C:\Windows;C:\Windows\System32\Wbem;C:\Windows\System32\WindowsPowerShell\v1.0\;C:\Windows\System32\OpenSSH\;C:\Program Files\Bandizip\;C:\Users\user\AppData\Local\Microsoft\WindowsApps;C:\Users\user\AppData\Local\Programs\Microsoft VS Code\bin;C:\Program Files\JetBrains\IntelliJ IDEA 2024.2.3\bin;;C:\pr\MySQL\MySQL Server 8.0\bin;;C:\Program Files (x86)\ESTsoft\ALSee\x64
USERNAME=user
OS=Windows_NT
PROCESSOR_IDENTIFIER=Intel64 Family 6 Model 186 Stepping 3, GenuineIntel



---------------  S Y S T E M  ---------------

OS:
 Windows 11 , 64 bit Build 22621 (10.0.22621.3958)
OS uptime: 10 days 23:23 hours

CPU: total 12 (initial active 12) (6 cores per cpu, 2 threads per core) family 6 model 186 stepping 3 microcode 0x411f, cx8, cmov, fxsr, ht, mmx, 3dnowpref, sse, sse2, sse3, ssse3, sse4.1, sse4.2, popcnt, lzcnt, tsc, tscinvbit, avx, avx2, aes, erms, clmul, bmi1, bmi2, adx, sha, fma, vzeroupper, clflush, clflushopt, clwb

Memory: 4k page, system-wide physical 32451M (9391M free)
TotalPageFile size 70829M (AvailPageFile size 333M)
current process WorkingSet (physical memory assigned to process): 11M, peak: 11M
current process commit charge ("private bytes"): 64M, peak: 572M

vm_info: Java HotSpot(TM) 64-Bit Server VM (17.0.10+11-LTS-240) for windows-amd64 JRE (17.0.10+11-LTS-240), built on Dec 19 2023 21:47:25 by "mach5one" with MS VC++ 17.1 (VS2022)

END.
